2019-09-19T05:02:56.701187+09:00 0 [Warning] [MY-011070] [Server] 'Disabling symbolic links using --skip-symbolic-links (or equivalent) is the default. Consider not using this option as it' is deprecated and will be removed in a future release.
2019-09-19T05:02:56.701278+09:00 0 [System] [MY-013169] [Server] /usr/sbin/mysqld (mysqld 8.0.17) initializing of server in progress as process 28
2019-09-19T05:02:59.606163+09:00 5 [Warning] [MY-010453] [Server] root@localhost is created with an empty password ! Please consider switching off the --initialize-insecure option.
2019-09-19T05:03:00.942536+09:00 0 [System] [MY-013170] [Server] /usr/sbin/mysqld (mysqld 8.0.17) initializing of server has completed
2019-09-19T05:03:02.412480+09:00 0 [Warning] [MY-011070] [Server] 'Disabling symbolic links using --skip-symbolic-links (or equivalent) is the default. Consider not using this option as it' is deprecated and will be removed in a future release.
2019-09-19T05:03:02.412562+09:00 0 [System] [MY-010116] [Server] /usr/sbin/mysqld (mysqld 8.0.17) starting as process 80
2019-09-19T05:03:02.810290+09:00 0 [Warning] [MY-010068] [Server] CA certificate ca.pem is self signed.
2019-09-19T05:03:02.813172+09:00 0 [Warning] [MY-011810] [Server] Insecure configuration for --pid-file: Location '/var/run/mysqld' in the path is accessible to all OS users. Consider choosing a different directory.
2019-09-19T05:03:02.826919+09:00 0 [System] [MY-010931] [Server] /usr/sbin/mysqld: ready for connections. Version: '8.0.17'  socket: '/var/run/mysqld/mysqld.sock'  port: 0  MySQL Community Server - GPL.
2019-09-19T05:03:02.975805+09:00 0 [System] [MY-011323] [Server] X Plugin ready for connections. Socket: '/var/run/mysqld/mysqlx.sock'
2019-09-19T05:03:07.380349+09:00 0 [System] [MY-010910] [Server] /usr/sbin/mysqld: Shutdown complete (mysqld 8.0.17)  MySQL Community Server - GPL.
2019-09-19T05:03:07.708470+09:00 0 [Warning] [MY-011070] [Server] 'Disabling symbolic links using --skip-symbolic-links (or equivalent) is the default. Consider not using this option as it' is deprecated and will be removed in a future release.
2019-09-19T05:03:07.708532+09:00 0 [System] [MY-010116] [Server] /usr/sbin/mysqld (mysqld 8.0.17) starting as process 1
2019-09-19T05:03:08.043974+09:00 0 [Warning] [MY-010068] [Server] CA certificate ca.pem is self signed.
2019-09-19T05:03:08.046676+09:00 0 [Warning] [MY-011810] [Server] Insecure configuration for --pid-file: Location '/var/run/mysqld' in the path is accessible to all OS users. Consider choosing a different directory.
2019-09-19T05:03:08.060224+09:00 0 [System] [MY-010931] [Server] /usr/sbin/mysqld: ready for connections. Version: '8.0.17'  socket: '/var/run/mysqld/mysqld.sock'  port: 3306  MySQL Community Server - GPL.
2019-09-19T05:03:08.230117+09:00 0 [System] [MY-011323] [Server] X Plugin ready for connections. Socket: '/var/run/mysqld/mysqlx.sock' bind-address: '::' port: 33060
2019-09-19T06:55:14.917654+09:00 0 [Warning] [MY-011070] [Server] 'Disabling symbolic links using --skip-symbolic-links (or equivalent) is the default. Consider not using this option as it' is deprecated and will be removed in a future release.
2019-09-19T06:55:14.917710+09:00 0 [System] [MY-013169] [Server] /usr/sbin/mysqld (mysqld 8.0.17) initializing of server in progress as process 28
2019-09-19T06:55:17.189281+09:00 5 [Warning] [MY-010453] [Server] root@localhost is created with an empty password ! Please consider switching off the --initialize-insecure option.
2019-09-19T06:55:18.686401+09:00 0 [System] [MY-013170] [Server] /usr/sbin/mysqld (mysqld 8.0.17) initializing of server has completed
2019-09-19T06:55:20.246277+09:00 0 [Warning] [MY-011070] [Server] 'Disabling symbolic links using --skip-symbolic-links (or equivalent) is the default. Consider not using this option as it' is deprecated and will be removed in a future release.
2019-09-19T06:55:20.246343+09:00 0 [System] [MY-010116] [Server] /usr/sbin/mysqld (mysqld 8.0.17) starting as process 80
2019-09-19T06:55:20.619573+09:00 0 [Warning] [MY-010068] [Server] CA certificate ca.pem is self signed.
2019-09-19T06:55:20.623020+09:00 0 [Warning] [MY-011810] [Server] Insecure configuration for --pid-file: Location '/var/run/mysqld' in the path is accessible to all OS users. Consider choosing a different directory.
2019-09-19T06:55:20.635623+09:00 0 [System] [MY-010931] [Server] /usr/sbin/mysqld: ready for connections. Version: '8.0.17'  socket: '/var/run/mysqld/mysqld.sock'  port: 0  MySQL Community Server - GPL.
2019-09-19T06:55:20.775767+09:00 0 [System] [MY-011323] [Server] X Plugin ready for connections. Socket: '/var/run/mysqld/mysqlx.sock'
2019-09-19T06:55:25.079706+09:00 0 [System] [MY-010910] [Server] /usr/sbin/mysqld: Shutdown complete (mysqld 8.0.17)  MySQL Community Server - GPL.
2019-09-19T06:55:25.424819+09:00 0 [Warning] [MY-011070] [Server] 'Disabling symbolic links using --skip-symbolic-links (or equivalent) is the default. Consider not using this option as it' is deprecated and will be removed in a future release.
2019-09-19T06:55:25.424899+09:00 0 [System] [MY-010116] [Server] /usr/sbin/mysqld (mysqld 8.0.17) starting as process 1
2019-09-19T06:55:25.748213+09:00 0 [Warning] [MY-010068] [Server] CA certificate ca.pem is self signed.
2019-09-19T06:55:25.752503+09:00 0 [Warning] [MY-011810] [Server] Insecure configuration for --pid-file: Location '/var/run/mysqld' in the path is accessible to all OS users. Consider choosing a different directory.
2019-09-19T06:55:25.765132+09:00 0 [System] [MY-010931] [Server] /usr/sbin/mysqld: ready for connections. Version: '8.0.17'  socket: '/var/run/mysqld/mysqld.sock'  port: 3306  MySQL Community Server - GPL.
2019-09-19T06:55:25.946376+09:00 0 [System] [MY-011323] [Server] X Plugin ready for connections. Socket: '/var/run/mysqld/mysqlx.sock' bind-address: '::' port: 33060
2019-09-19T07:10:07.363909+09:00 0 [System] [MY-010910] [Server] /usr/sbin/mysqld: Shutdown complete (mysqld 8.0.17)  MySQL Community Server - GPL.
2019-09-19T07:11:03.960250+09:00 0 [Warning] [MY-011070] [Server] 'Disabling symbolic links using --skip-symbolic-links (or equivalent) is the default. Consider not using this option as it' is deprecated and will be removed in a future release.
2019-09-19T07:11:03.960346+09:00 0 [System] [MY-010116] [Server] /usr/sbin/mysqld (mysqld 8.0.17) starting as process 1
2019-09-19T07:11:04.382667+09:00 0 [Warning] [MY-010068] [Server] CA certificate ca.pem is self signed.
2019-09-19T07:11:04.385625+09:00 0 [Warning] [MY-011810] [Server] Insecure configuration for --pid-file: Location '/var/run/mysqld' in the path is accessible to all OS users. Consider choosing a different directory.
2019-09-19T07:11:04.399854+09:00 0 [System] [MY-010931] [Server] /usr/sbin/mysqld: ready for connections. Version: '8.0.17'  socket: '/var/run/mysqld/mysqld.sock'  port: 3306  MySQL Community Server - GPL.
2019-09-19T07:11:04.576197+09:00 0 [System] [MY-011323] [Server] X Plugin ready for connections. Socket: '/var/run/mysqld/mysqlx.sock' bind-address: '::' port: 33060
mbind: Operation not permitted
2019-09-19T07:17:54.958494+09:00 0 [System] [MY-010910] [Server] /usr/sbin/mysqld: Shutdown complete (mysqld 8.0.17)  MySQL Community Server - GPL.
